<?xml version="1.0" encoding="UTF-8"?>
<testng-results skipped="0" failed="1" ignored="14" total="24" passed="9">
  <reporter-output>
  </reporter-output>
  <suite name="Suite" duration-ms="419806" started-at="2022-09-23T08:50:38 IST" finished-at="2022-09-23T08:57:38 IST">
    <groups>
      <group name="Sanity">
        <method signature="AccountCreationPageTest.verifyCreateAccountPageTest(java.lang.String)[pri:0, instance:com.seleniumAutomation.testCases.AccountCreationPageTest@28ac3dc3]" name="verifyCreateAccountPageTest" class="com.seleniumAutomation.testCases.AccountCreationPageTest"/>
        <method signature="AddToCartPageTest.addToCartTest(java.lang.String,java.lang.String,java.lang.String)[pri:0, instance:com.seleniumAutomation.testCases.AddToCartPageTest@74a10858]" name="addToCartTest" class="com.seleniumAutomation.testCases.AddToCartPageTest"/>
        <method signature="LoginPageTest.loginTest(java.lang.String,java.lang.String)[pri:0, instance:com.seleniumAutomation.testCases.LoginPageTest@23fe1d71]" name="loginTest" class="com.seleniumAutomation.testCases.LoginPageTest"/>
      </group> <!-- Sanity -->
      <group name="Regression">
        <method signature="AddToCartPageTest.addToCartTest(java.lang.String,java.lang.String,java.lang.String)[pri:0, instance:com.seleniumAutomation.testCases.AddToCartPageTest@74a10858]" name="addToCartTest" class="com.seleniumAutomation.testCases.AddToCartPageTest"/>
        <method signature="EndToEndTest.endToEndTest(java.lang.String,java.lang.String,java.lang.String)[pri:0, instance:com.seleniumAutomation.testCases.EndToEndTest@8e24743]" name="endToEndTest" class="com.seleniumAutomation.testCases.EndToEndTest"/>
        <method signature="OrderPageTest.verifyTotalPrice()[pri:0, instance:com.seleniumAutomation.testCases.OrderPageTest@1d371b2d]" name="verifyTotalPrice" class="com.seleniumAutomation.testCases.OrderPageTest"/>
      </group> <!-- Regression -->
      <group name="Smoke">
        <method signature="HomePageTest.orderHistoryandDetailsTest(java.lang.String,java.lang.String)[pri:0, instance:com.seleniumAutomation.testCases.HomePageTest@4e718207]" name="orderHistoryandDetailsTest" class="com.seleniumAutomation.testCases.HomePageTest"/>
        <method signature="HomePageTest.wishListTest(java.lang.String,java.lang.String)[pri:0, instance:com.seleniumAutomation.testCases.HomePageTest@4e718207]" name="wishListTest" class="com.seleniumAutomation.testCases.HomePageTest"/>
        <method signature="IndexPageTest.verifyLogo()[pri:0, instance:com.seleniumAutomation.testCases.IndexPageTest@cb0ed20]" name="verifyLogo" class="com.seleniumAutomation.testCases.IndexPageTest"/>
        <method signature="IndexPageTest.verifyTitle()[pri:0, instance:com.seleniumAutomation.testCases.IndexPageTest@cb0ed20]" name="verifyTitle" class="com.seleniumAutomation.testCases.IndexPageTest"/>
        <method signature="LoginPageTest.loginTest(java.lang.String,java.lang.String)[pri:0, instance:com.seleniumAutomation.testCases.LoginPageTest@23fe1d71]" name="loginTest" class="com.seleniumAutomation.testCases.LoginPageTest"/>
        <method signature="SearchResultPageTest.productAvailabilityTest(java.lang.String)[pri:0, instance:com.seleniumAutomation.testCases.SearchResultPageTest@569cfc36]" name="productAvailabilityTest" class="com.seleniumAutomation.testCases.SearchResultPageTest"/>
      </group> <!-- Smoke -->
    </groups>
    <test name="Test" duration-ms="419806" started-at="2022-09-23T08:50:38 IST" finished-at="2022-09-23T08:57:38 IST">
      <class name="com.seleniumAutomation.testCases.HomePageTest">
        <test-method status="PASS" signature="setup(java.lang.String)[pri:0, instance:com.seleniumAutomation.testCases.HomePageTest@4e718207]" name="setup" is-config="true" duration-ms="13960" started-at="2022-09-23T08:55:40 IST" finished-at="2022-09-23T08:55:54 IST">
          <params>
            <param index="0">
              <value>
                <![CDATA[Chrome]]>
              </value>
            </param>
          </params>
          <reporter-output>
          </reporter-output>
        </test-method> <!-- setup -->
        <test-method status="FAIL" signature="orderHistoryandDetailsTest(java.lang.String,java.lang.String)[pri:0, instance:com.seleniumAutomation.testCases.HomePageTest@4e718207]" name="orderHistoryandDetailsTest" duration-ms="21984" started-at="2022-09-23T08:55:54 IST" data-provider="credentials" finished-at="2022-09-23T08:56:16 IST">
          <params>
            <param index="0">
              <value>
                <![CDATA[admin@xyz.com]]>
              </value>
            </param>
            <param index="1">
              <value>
                <![CDATA[admin@123]]>
              </value>
            </param>
          </params>
          <exception class="java.lang.AssertionError">
            <message>
              <![CDATA[expected [true] but found [false]]]>
            </message>
            <full-stacktrace>
              <![CDATA[java.lang.AssertionError: expected [true] but found [false]
at org.testng.Assert.fail(Assert.java:99)
at org.testng.Assert.failNotEquals(Assert.java:1037)
at org.testng.Assert.assertTrue(Assert.java:45)
at org.testng.Assert.assertTrue(Assert.java:55)
at com.seleniumAutomation.testCases.HomePageTest.orderHistoryandDetailsTest(HomePageTest.java:52)
at sun.reflect.NativeMethodAccessorImpl.invoke0(Native Method)
at sun.reflect.NativeMethodAccessorImpl.invoke(NativeMethodAccessorImpl.java:62)
at sun.reflect.DelegatingMethodAccessorImpl.invoke(DelegatingMethodAccessorImpl.java:43)
at java.lang.reflect.Method.invoke(Method.java:498)
at org.testng.internal.MethodInvocationHelper.invokeMethod(MethodInvocationHelper.java:133)
at org.testng.internal.TestInvoker.invokeMethod(TestInvoker.java:598)
at org.testng.internal.TestInvoker.invokeTestMethod(TestInvoker.java:173)
at org.testng.internal.MethodRunner.runInSequence(MethodRunner.java:46)
at org.testng.internal.TestInvoker$MethodInvocationAgent.invoke(TestInvoker.java:824)
at org.testng.internal.TestInvoker.invokeTestMethods(TestInvoker.java:146)
at org.testng.internal.TestMethodWorker.invokeTestMethods(TestMethodWorker.java:146)
at org.testng.internal.TestMethodWorker.run(TestMethodWorker.java:128)
at java.util.ArrayList.forEach(ArrayList.java:1259)
at org.testng.TestRunner.privateRun(TestRunner.java:794)
at org.testng.TestRunner.run(TestRunner.java:596)
at org.testng.SuiteRunner.runTest(SuiteRunner.java:377)
at org.testng.SuiteRunner.runSequentially(SuiteRunner.java:371)
at org.testng.SuiteRunner.privateRun(SuiteRunner.java:332)
at org.testng.SuiteRunner.run(SuiteRunner.java:276)
at org.testng.SuiteRunnerWorker.runSuite(SuiteRunnerWorker.java:53)
at org.testng.SuiteRunnerWorker.run(SuiteRunnerWorker.java:96)
at org.testng.TestNG.runSuitesSequentially(TestNG.java:1212)
at org.testng.TestNG.runSuitesLocally(TestNG.java:1134)
at org.testng.TestNG.runSuites(TestNG.java:1063)
at org.testng.TestNG.run(TestNG.java:1031)
at org.testng.remote.AbstractRemoteTestNG.run(AbstractRemoteTestNG.java:115)
at org.testng.remote.RemoteTestNG.initAndRun(RemoteTestNG.java:251)
at org.testng.remote.RemoteTestNG.main(RemoteTestNG.java:77)
]]>
            </full-stacktrace>
          </exception> <!-- java.lang.AssertionError -->
          <reporter-output>
          </reporter-output>
        </test-method> <!-- orderHistoryandDetailsTest -->
        <test-method status="PASS" signature="tearDown()[pri:0, instance:com.seleniumAutomation.testCases.HomePageTest@4e718207]" name="tearDown" is-config="true" duration-ms="913" started-at="2022-09-23T08:56:16 IST" finished-at="2022-09-23T08:56:17 IST">
          <reporter-output>
          </reporter-output>
        </test-method> <!-- tearDown -->
        <test-method status="PASS" signature="setup(java.lang.String)[pri:0, instance:com.seleniumAutomation.testCases.HomePageTest@4e718207]" name="setup" is-config="true" duration-ms="17497" started-at="2022-09-23T08:56:17 IST" finished-at="2022-09-23T08:56:35 IST">
          <params>
            <param index="0">
              <value>
                <![CDATA[Chrome]]>
              </value>
            </param>
          </params>
          <reporter-output>
          </reporter-output>
        </test-method> <!-- setup -->
        <test-method status="PASS" signature="wishListTest(java.lang.String,java.lang.String)[pri:0, instance:com.seleniumAutomation.testCases.HomePageTest@4e718207]" name="wishListTest" duration-ms="12949" started-at="2022-09-23T08:56:35 IST" data-provider="credentials" finished-at="2022-09-23T08:56:48 IST">
          <params>
            <param index="0">
              <value>
                <![CDATA[admin@xyz.com]]>
              </value>
            </param>
            <param index="1">
              <value>
                <![CDATA[admin@123]]>
              </value>
            </param>
          </params>
          <reporter-output>
          </reporter-output>
        </test-method> <!-- wishListTest -->
        <test-method status="PASS" signature="tearDown()[pri:0, instance:com.seleniumAutomation.testCases.HomePageTest@4e718207]" name="tearDown" is-config="true" duration-ms="858" started-at="2022-09-23T08:56:48 IST" finished-at="2022-09-23T08:56:49 IST">
          <reporter-output>
          </reporter-output>
        </test-method> <!-- tearDown -->
      </class> <!-- com.seleniumAutomation.testCases.HomePageTest -->
      <class name="com.seleniumAutomation.testCases.IndexPageTest">
        <test-method status="PASS" signature="setup(java.lang.String)[pri:0, instance:com.seleniumAutomation.testCases.IndexPageTest@cb0ed20]" name="setup" is-config="true" duration-ms="20484" started-at="2022-09-23T08:51:32 IST" finished-at="2022-09-23T08:51:53 IST">
          <params>
            <param index="0">
              <value>
                <![CDATA[Chrome]]>
              </value>
            </param>
          </params>
          <reporter-output>
          </reporter-output>
        </test-method> <!-- setup -->
        <test-method status="PASS" signature="verifyLogo()[pri:0, instance:com.seleniumAutomation.testCases.IndexPageTest@cb0ed20]" name="verifyLogo" duration-ms="153" started-at="2022-09-23T08:51:53 IST" finished-at="2022-09-23T08:51:53 IST">
          <reporter-output>
          </reporter-output>
        </test-method> <!-- verifyLogo -->
        <test-method status="PASS" signature="tearDown()[pri:0, instance:com.seleniumAutomation.testCases.IndexPageTest@cb0ed20]" name="tearDown" is-config="true" duration-ms="1010" started-at="2022-09-23T08:51:53 IST" finished-at="2022-09-23T08:51:54 IST">
          <reporter-output>
          </reporter-output>
        </test-method> <!-- tearDown -->
        <test-method status="PASS" signature="setup(java.lang.String)[pri:0, instance:com.seleniumAutomation.testCases.IndexPageTest@cb0ed20]" name="setup" is-config="true" duration-ms="43995" started-at="2022-09-23T08:51:54 IST" finished-at="2022-09-23T08:52:38 IST">
          <params>
            <param index="0">
              <value>
                <![CDATA[Chrome]]>
              </value>
            </param>
          </params>
          <reporter-output>
          </reporter-output>
        </test-method> <!-- setup -->
        <test-method status="PASS" signature="verifyTitle()[pri:0, instance:com.seleniumAutomation.testCases.IndexPageTest@cb0ed20]" name="verifyTitle" duration-ms="20" started-at="2022-09-23T08:52:38 IST" finished-at="2022-09-23T08:52:38 IST">
          <reporter-output>
          </reporter-output>
        </test-method> <!-- verifyTitle -->
        <test-method status="PASS" signature="tearDown()[pri:0, instance:com.seleniumAutomation.testCases.IndexPageTest@cb0ed20]" name="tearDown" is-config="true" duration-ms="806" started-at="2022-09-23T08:52:38 IST" finished-at="2022-09-23T08:52:39 IST">
          <reporter-output>
          </reporter-output>
        </test-method> <!-- tearDown -->
      </class> <!-- com.seleniumAutomation.testCases.IndexPageTest -->
      <class name="com.seleniumAutomation.testCases.AddToCartPageTest">
        <test-method status="PASS" signature="setup(java.lang.String)[pri:0, instance:com.seleniumAutomation.testCases.AddToCartPageTest@74a10858]" name="setup" is-config="true" duration-ms="21892" started-at="2022-09-23T08:54:03 IST" finished-at="2022-09-23T08:54:25 IST">
          <params>
            <param index="0">
              <value>
                <![CDATA[Chrome]]>
              </value>
            </param>
          </params>
          <reporter-output>
          </reporter-output>
        </test-method> <!-- setup -->
        <test-method status="PASS" signature="addToCartTest(java.lang.String,java.lang.String,java.lang.String)[pri:0, instance:com.seleniumAutomation.testCases.AddToCartPageTest@74a10858]" name="addToCartTest" duration-ms="13356" started-at="2022-09-23T08:54:25 IST" data-provider="getProduct" finished-at="2022-09-23T08:54:38 IST">
          <params>
            <param index="0">
              <value>
                <![CDATA[t-shirt]]>
              </value>
            </param>
            <param index="1">
              <value>
                <![CDATA[2.0]]>
              </value>
            </param>
            <param index="2">
              <value>
                <![CDATA[M]]>
              </value>
            </param>
          </params>
          <reporter-output>
          </reporter-output>
        </test-method> <!-- addToCartTest -->
        <test-method status="PASS" signature="tearDown()[pri:0, instance:com.seleniumAutomation.testCases.AddToCartPageTest@74a10858]" name="tearDown" is-config="true" duration-ms="1105" started-at="2022-09-23T08:54:38 IST" finished-at="2022-09-23T08:54:39 IST">
          <reporter-output>
          </reporter-output>
        </test-method> <!-- tearDown -->
      </class> <!-- com.seleniumAutomation.testCases.AddToCartPageTest -->
      <class name="com.seleniumAutomation.testCases.AccountCreationPageTest">
        <test-method status="PASS" signature="setup(java.lang.String)[pri:0, instance:com.seleniumAutomation.testCases.AccountCreationPageTest@28ac3dc3]" name="setup" is-config="true" duration-ms="17797" started-at="2022-09-23T08:55:12 IST" finished-at="2022-09-23T08:55:30 IST">
          <params>
            <param index="0">
              <value>
                <![CDATA[Chrome]]>
              </value>
            </param>
          </params>
          <reporter-output>
          </reporter-output>
        </test-method> <!-- setup -->
        <test-method status="PASS" signature="verifyCreateAccountPageTest(java.lang.String)[pri:0, instance:com.seleniumAutomation.testCases.AccountCreationPageTest@28ac3dc3]" name="verifyCreateAccountPageTest" duration-ms="9604" started-at="2022-09-23T08:55:30 IST" data-provider="email" finished-at="2022-09-23T08:55:39 IST">
          <params>
            <param index="0">
              <value>
                <![CDATA[dhoni183@gmail.com]]>
              </value>
            </param>
          </params>
          <reporter-output>
          </reporter-output>
        </test-method> <!-- verifyCreateAccountPageTest -->
        <test-method status="PASS" signature="tearDown()[pri:0, instance:com.seleniumAutomation.testCases.AccountCreationPageTest@28ac3dc3]" name="tearDown" is-config="true" duration-ms="855" started-at="2022-09-23T08:55:39 IST" finished-at="2022-09-23T08:55:40 IST">
          <reporter-output>
          </reporter-output>
        </test-method> <!-- tearDown -->
      </class> <!-- com.seleniumAutomation.testCases.AccountCreationPageTest -->
      <class name="com.seleniumAutomation.testCases.EndToEndTest">
        <test-method status="PASS" signature="setup(java.lang.String)[pri:0, instance:com.seleniumAutomation.testCases.EndToEndTest@8e24743]" name="setup" is-config="true" duration-ms="21417" started-at="2022-09-23T08:52:39 IST" finished-at="2022-09-23T08:53:01 IST">
          <params>
            <param index="0">
              <value>
                <![CDATA[Chrome]]>
              </value>
            </param>
          </params>
          <reporter-output>
          </reporter-output>
        </test-method> <!-- setup -->
        <test-method status="PASS" signature="endToEndTest(java.lang.String,java.lang.String,java.lang.String)[pri:0, instance:com.seleniumAutomation.testCases.EndToEndTest@8e24743]" name="endToEndTest" duration-ms="61017" started-at="2022-09-23T08:53:01 IST" data-provider="getProduct" finished-at="2022-09-23T08:54:02 IST">
          <params>
            <param index="0">
              <value>
                <![CDATA[t-shirt]]>
              </value>
            </param>
            <param index="1">
              <value>
                <![CDATA[2.0]]>
              </value>
            </param>
            <param index="2">
              <value>
                <![CDATA[M]]>
              </value>
            </param>
          </params>
          <reporter-output>
          </reporter-output>
        </test-method> <!-- endToEndTest -->
        <test-method status="PASS" signature="tearDown()[pri:0, instance:com.seleniumAutomation.testCases.EndToEndTest@8e24743]" name="tearDown" is-config="true" duration-ms="1047" started-at="2022-09-23T08:54:02 IST" finished-at="2022-09-23T08:54:03 IST">
          <reporter-output>
          </reporter-output>
        </test-method> <!-- tearDown -->
      </class> <!-- com.seleniumAutomation.testCases.EndToEndTest -->
      <class name="com.seleniumAutomation.testCases.LoginPageTest">
        <test-method status="PASS" signature="setup(java.lang.String)[pri:0, instance:com.seleniumAutomation.testCases.LoginPageTest@23fe1d71]" name="setup" is-config="true" duration-ms="16823" started-at="2022-09-23T08:54:39 IST" finished-at="2022-09-23T08:54:56 IST">
          <params>
            <param index="0">
              <value>
                <![CDATA[Chrome]]>
              </value>
            </param>
          </params>
          <reporter-output>
          </reporter-output>
        </test-method> <!-- setup -->
        <test-method status="PASS" signature="loginTest(java.lang.String,java.lang.String)[pri:0, instance:com.seleniumAutomation.testCases.LoginPageTest@23fe1d71]" name="loginTest" duration-ms="14943" started-at="2022-09-23T08:54:56 IST" data-provider="credentials" finished-at="2022-09-23T08:55:11 IST">
          <params>
            <param index="0">
              <value>
                <![CDATA[admin@xyz.com]]>
              </value>
            </param>
            <param index="1">
              <value>
                <![CDATA[admin@123]]>
              </value>
            </param>
          </params>
          <reporter-output>
          </reporter-output>
        </test-method> <!-- loginTest -->
        <test-method status="PASS" signature="tearDown()[pri:0, instance:com.seleniumAutomation.testCases.LoginPageTest@23fe1d71]" name="tearDown" is-config="true" duration-ms="788" started-at="2022-09-23T08:55:11 IST" finished-at="2022-09-23T08:55:12 IST">
          <reporter-output>
          </reporter-output>
        </test-method> <!-- tearDown -->
      </class> <!-- com.seleniumAutomation.testCases.LoginPageTest -->
      <class name="com.seleniumAutomation.testCases.SearchResultPageTest">
        <test-method status="PASS" signature="loadConfig()[pri:0, instance:com.seleniumAutomation.testCases.SearchResultPageTest@569cfc36]" name="loadConfig" is-config="true" duration-ms="469" started-at="2022-09-23T08:50:37 IST" finished-at="2022-09-23T08:50:38 IST">
          <reporter-output>
          </reporter-output>
        </test-method> <!-- loadConfig -->
        <test-method status="PASS" signature="setup(java.lang.String)[pri:0, instance:com.seleniumAutomation.testCases.SearchResultPageTest@569cfc36]" name="setup" is-config="true" duration-ms="45792" started-at="2022-09-23T08:50:38 IST" finished-at="2022-09-23T08:51:24 IST">
          <params>
            <param index="0">
              <value>
                <![CDATA[Chrome]]>
              </value>
            </param>
          </params>
          <reporter-output>
          </reporter-output>
        </test-method> <!-- setup -->
        <test-method status="PASS" signature="productAvailabilityTest(java.lang.String)[pri:0, instance:com.seleniumAutomation.testCases.SearchResultPageTest@569cfc36]" name="productAvailabilityTest" duration-ms="7274" started-at="2022-09-23T08:51:24 IST" data-provider="searchProduct" finished-at="2022-09-23T08:51:32 IST">
          <params>
            <param index="0">
              <value>
                <![CDATA[t-shirt]]>
              </value>
            </param>
          </params>
          <reporter-output>
          </reporter-output>
        </test-method> <!-- productAvailabilityTest -->
        <test-method status="PASS" signature="tearDown()[pri:0, instance:com.seleniumAutomation.testCases.SearchResultPageTest@569cfc36]" name="tearDown" is-config="true" duration-ms="847" started-at="2022-09-23T08:51:32 IST" finished-at="2022-09-23T08:51:32 IST">
          <reporter-output>
          </reporter-output>
        </test-method> <!-- tearDown -->
        <test-method status="PASS" signature="afterSuite()[pri:0, instance:com.seleniumAutomation.testCases.SearchResultPageTest@569cfc36]" name="afterSuite" is-config="true" duration-ms="791" started-at="2022-09-23T08:57:38 IST" finished-at="2022-09-23T08:57:39 IST">
          <reporter-output>
          </reporter-output>
        </test-method> <!-- afterSuite -->
      </class> <!-- com.seleniumAutomation.testCases.SearchResultPageTest -->
      <class name="com.seleniumAutomation.testCases.OrderPageTest">
        <test-method status="PASS" signature="setup(java.lang.String)[pri:0, instance:com.seleniumAutomation.testCases.OrderPageTest@1d371b2d]" name="setup" is-config="true" duration-ms="17940" started-at="2022-09-23T08:56:49 IST" finished-at="2022-09-23T08:57:07 IST">
          <params>
            <param index="0">
              <value>
                <![CDATA[Chrome]]>
              </value>
            </param>
          </params>
          <reporter-output>
          </reporter-output>
        </test-method> <!-- setup -->
        <test-method status="PASS" signature="verifyTotalPrice()[pri:0, instance:com.seleniumAutomation.testCases.OrderPageTest@1d371b2d]" name="verifyTotalPrice" duration-ms="30230" started-at="2022-09-23T08:57:07 IST" finished-at="2022-09-23T08:57:37 IST">
          <reporter-output>
          </reporter-output>
        </test-method> <!-- verifyTotalPrice -->
        <test-method status="PASS" signature="tearDown()[pri:0, instance:com.seleniumAutomation.testCases.OrderPageTest@1d371b2d]" name="tearDown" is-config="true" duration-ms="817" started-at="2022-09-23T08:57:37 IST" finished-at="2022-09-23T08:57:38 IST">
          <reporter-output>
          </reporter-output>
        </test-method> <!-- tearDown -->
      </class> <!-- com.seleniumAutomation.testCases.OrderPageTest -->
    </test> <!-- Test -->
  </suite> <!-- Suite -->
</testng-results>
